<?xml version="1.0" encoding="UTF-8"?>
<!-- Generated by org.testng.reporters.JUnitReportReporter -->
<testsuite skipped="0" hostname="sunny-VirtualBox" name="suntest.LibraryAPIConcept" tests="3" failures="0" timestamp="2021-09-25T02:00:58 IST" time="240.791" errors="0">
  <testcase name="getBookFromLibrary" time="12.300" classname="suntest.LibraryAPIConcept"/>
  <system-out/>
  <testcase name="addBookInLibrary" time="226.008" classname="suntest.LibraryAPIConcept"/>
  <system-out/>
  <testcase name="xdeleteBookFromLibrary" time="2.483" classname="suntest.LibraryAPIConcept"/>
  <system-out/>
</testsuite> <!-- suntest.LibraryAPIConcept -->
