<?xml version="1.0" encoding="UTF-8"?>
<!-- Generated by org.testng.reporters.JUnitReportReporter -->
<testsuite skipped="0" hostname="sunny-VirtualBox" name="TestRestApi" tests="3" failures="0" timestamp="2021-09-22T01:53:41 IST" time="8.862" errors="0">
  <testcase name="postRequest" time="7.572" classname="TestRestApi"/>
  <system-out/>
  <testcase name="postRequest" time="0.631" classname="TestRestApi"/>
  <system-out/>
  <testcase name="postRequest" time="0.659" classname="TestRestApi"/>
  <system-out/>
</testsuite> <!-- TestRestApi -->
